SF:lib/courier_flutter_events_platform_interface.dart
DA:7,0
DA:8,3
DA:9,1
DA:14,2
DA:16,1
DA:17,2
DA:21,0
DA:22,0
DA:25,0
DA:26,0
DA:29,0
DA:30,0
DA:33,0
DA:34,0
DA:37,0
DA:38,0
LF:16
LH:5
end_of_record
SF:lib/notification_permission_status.dart
DA:20,0
DA:22,0
LF:2
LH:0
end_of_record
SF:lib/courier_flutter.dart
DA:12,1
DA:15,1
DA:18,2
DA:21,2
DA:22,0
DA:23,0
DA:24,0
DA:31,2
DA:36,0
DA:37,0
DA:44,0
DA:45,0
DA:46,0
DA:52,0
DA:53,1
DA:54,2
DA:55,1
DA:63,0
DA:64,1
DA:65,2
DA:66,1
DA:70,0
DA:75,0
DA:80,3
DA:84,1
DA:85,2
DA:93,0
DA:94,0
DA:100,0
DA:101,0
DA:107,0
DA:108,0
DA:109,0
DA:114,0
DA:115,0
DA:116,0
DA:122,0
DA:123,0
LF:38
LH:14
end_of_record
SF:lib/courier_flutter_core_platform_interface.dart
DA:7,0
DA:8,3
DA:9,1
DA:14,2
DA:19,1
DA:20,2
DA:24,0
DA:25,0
DA:28,0
DA:29,0
DA:32,0
DA:33,0
DA:36,0
DA:37,0
DA:40,0
DA:41,0
DA:44,0
DA:45,0
DA:48,0
DA:49,0
DA:52,0
DA:53,0
LF:22
LH:5
end_of_record
SF:lib/courier_flutter_core_method_channel.dart
DA:14,0
DA:16,0
DA:21,0
DA:23,0
DA:26,0
DA:30,0
DA:32,0
DA:36,0
DA:38,0
DA:41,0
DA:43,0
DA:48,0
DA:50,0
DA:56,0
DA:58,0
DA:61,0
DA:63,0
DA:69,0
LF:18
LH:0
end_of_record
SF:lib/courier_flutter_events_method_channel.dart
DA:15,0
DA:17,0
DA:20,0
DA:22,0
DA:25,0
DA:27,0
DA:30,0
DA:34,0
DA:36,0
DA:37,0
DA:42,0
DA:44,0
DA:45,0
DA:46,0
DA:47,0
DA:50,0
DA:51,0
DA:54,0
DA:55,0
DA:59,0
LF:20
LH:0
end_of_record
